Started GET "/" for 127.0.0.1 at 2017-06-29 00:02:15 +0530
Processing by Rails::WelcomeController#index as HTML
  Rendering /home/swaraj/.rbenv/versions/2.4.0/lib/ruby/gems/2.4.0/gems/railties-5.1.2/lib/rails/templates/rails/welcome/index.html.erb
  Rendered /home/swaraj/.rbenv/versions/2.4.0/lib/ruby/gems/2.4.0/gems/railties-5.1.2/lib/rails/templates/rails/welcome/index.html.erb (1.7ms)
Completed 200 OK in 140ms (Views: 3.8ms)


Started GET "/" for 127.0.0.1 at 2017-06-29 00:10:48 +0530
  
ActiveRecord::PendingMigrationError (

Migrations are pending. To resolve this issue, run:

        bin/rails db:migrate RAILS_ENV=development

):
  
activerecord (5.1.2) lib/active_record/migration.rb:576:in `check_pending!'
activerecord (5.1.2) lib/active_record/migration.rb:553:in `call'
actionpack (5.1.2) lib/action_dispatch/middleware/callbacks.rb:26:in `block in call'
activesupport (5.1.2) lib/active_support/callbacks.rb:97:in `run_callbacks'
actionpack (5.1.2) lib/action_dispatch/middleware/callbacks.rb:24:in `call'
actionpack (5.1.2) lib/action_dispatch/middleware/executor.rb:12:in `call'
actionpack (5.1.2) lib/action_dispatch/middleware/debug_exceptions.rb:59:in `call'
web-console (3.5.1) lib/web_console/middleware.rb:135:in `call_app'
web-console (3.5.1) lib/web_console/middleware.rb:28:in `block in call'
web-console (3.5.1) lib/web_console/middleware.rb:18:in `catch'
web-console (3.5.1) lib/web_console/middleware.rb:18:in `call'
actionpack (5.1.2) lib/action_dispatch/middleware/show_exceptions.rb:31:in `call'
railties (5.1.2) lib/rails/rack/logger.rb:36:in `call_app'
railties (5.1.2) lib/rails/rack/logger.rb:24:in `block in call'
activesupport (5.1.2) lib/active_support/tagged_logging.rb:69:in `block in tagged'
activesupport (5.1.2) lib/active_support/tagged_logging.rb:26:in `tagged'
activesupport (5.1.2) lib/active_support/tagged_logging.rb:69:in `tagged'
railties (5.1.2) lib/rails/rack/logger.rb:24:in `call'
sprockets-rails (3.2.0) lib/sprockets/rails/quiet_assets.rb:13:in `call'
actionpack (5.1.2) lib/action_dispatch/middleware/remote_ip.rb:79:in `call'
actionpack (5.1.2) lib/action_dispatch/middleware/request_id.rb:25:in `call'
rack (2.0.3) lib/rack/method_override.rb:22:in `call'
rack (2.0.3) lib/rack/runtime.rb:22:in `call'
activesupport (5.1.2) lib/active_support/cache/strategy/local_cache_middleware.rb:27:in `call'
actionpack (5.1.2) lib/action_dispatch/middleware/executor.rb:12:in `call'
actionpack (5.1.2) lib/action_dispatch/middleware/static.rb:125:in `call'
rack (2.0.3) lib/rack/sendfile.rb:111:in `call'
railties (5.1.2) lib/rails/engine.rb:522:in `call'
puma (3.9.1) lib/puma/configuration.rb:224:in `call'
puma (3.9.1) lib/puma/server.rb:602:in `handle_request'
puma (3.9.1) lib/puma/server.rb:435:in `process_client'
puma (3.9.1) lib/puma/server.rb:299:in `block in run'
puma (3.9.1) lib/puma/thread_pool.rb:120:in `block in spawn_thread'
  [1m[35m (0.1ms)[0m  [1m[34mSELECT sqlite_version(*)[0m
  [1m[35m (161.4ms)[0m  [1m[35mCREATE TABLE "schema_migrations" ("version" varchar NOT NULL PRIMARY KEY)[0m
  [1m[35m (99.1ms)[0m  [1m[35mCREATE TABLE "ar_internal_metadata" ("key" varchar NOT NULL PRIMARY KEY, "value" varchar, "created_at" datetime NOT NULL, "updated_at" datetime NOT NULL)[0m
  [1m[35m (0.4ms)[0m  [1m[34mSELECT "schema_migrations"."version" FROM "schema_migrations" ORDER BY "schema_migrations"."version" ASC[0m
Migrating to CreateComputers (20170628183748)
  [1m[35m (0.1ms)[0m  [1m[36mbegin transaction[0m
  [1m[35m (1.4ms)[0m  [1m[35mCREATE TABLE "computers" ("id" INTEGER PRIMARY KEY AUTOINCREMENT NOT NULL, "hostname" varchar, "status" boolean, "created_at" datetime NOT NULL, "updated_at" datetime NOT NULL)[0m
  [1m[35mSQL (0.2ms)[0m  [1m[32mINSERT INTO "schema_migrations" ("version") VALUES (?)[0m  [["version", "20170628183748"]]
  [1m[35m (108.0ms)[0m  [1m[36mcommit transaction[0m
  [1m[36mActiveRecord::InternalMetadata Load (0.4ms)[0m  [1m[34mSELECT  "ar_internal_metadata".* FROM "ar_internal_metadata" WHERE "ar_internal_metadata"."key" = ? LIMIT ?[0m  [["key", "environment"], ["LIMIT", 1]]
  [1m[35m (0.2ms)[0m  [1m[36mbegin transaction[0m
  [1m[35mSQL (0.5ms)[0m  [1m[32mINSERT INTO "ar_internal_metadata" ("key", "value", "created_at", "updated_at") VALUES (?, ?, ?, ?)[0m  [["key", "environment"], ["value", "development"], ["created_at", "2017-06-28 18:41:06.387712"], ["updated_at", "2017-06-28 18:41:06.387712"]]
  [1m[35m (77.6ms)[0m  [1m[36mcommit transaction[0m
  [1m[35m (0.4ms)[0m  [1m[34mSELECT "schema_migrations"."version" FROM "schema_migrations" ORDER BY "schema_migrations"."version" ASC[0m
Started GET "/" for 127.0.0.1 at 2017-06-29 00:11:22 +0530
  [1m[35m (0.1ms)[0m  [1m[34mSELECT "schema_migrations"."version" FROM "schema_migrations" ORDER BY "schema_migrations"."version" ASC[0m
Processing by Rails::WelcomeController#index as HTML
  Rendering /home/swaraj/.rbenv/versions/2.4.0/lib/ruby/gems/2.4.0/gems/railties-5.1.2/lib/rails/templates/rails/welcome/index.html.erb
  Rendered /home/swaraj/.rbenv/versions/2.4.0/lib/ruby/gems/2.4.0/gems/railties-5.1.2/lib/rails/templates/rails/welcome/index.html.erb (1.4ms)
Completed 200 OK in 3ms (Views: 2.1ms | ActiveRecord: 0.0ms)


Started GET "/computers" for 127.0.0.1 at 2017-06-29 00:11:30 +0530
Processing by ComputersController#index as HTML
  Rendering computers/index.html.erb within layouts/application
  [1m[36mComputer Load (0.2ms)[0m  [1m[34mSELECT "computers".* FROM "computers"[0m
  Rendered computers/index.html.erb within layouts/application (2.7ms)
Completed 200 OK in 1194ms (Views: 1186.6ms | ActiveRecord: 0.4ms)


  [1m[35m (0.4ms)[0m  [1m[36mbegin transaction[0m
  [1m[35mSQL (0.6ms)[0m  [1m[32mINSERT INTO "computers" ("hostname", "status", "created_at", "updated_at") VALUES (?, ?, ?, ?)[0m  [["hostname", "cslin01"], ["status", "f"], ["created_at", "2017-06-28 18:53:07.406010"], ["updated_at", "2017-06-28 18:53:07.406010"]]
  [1m[35m (117.1ms)[0m  [1m[36mcommit transaction[0m
  [1m[35m (0.2ms)[0m  [1m[36mbegin transaction[0m
  [1m[35mSQL (0.8ms)[0m  [1m[32mINSERT INTO "computers" ("hostname", "status", "created_at", "updated_at") VALUES (?, ?, ?, ?)[0m  [["hostname", "cslin02"], ["status", "f"], ["created_at", "2017-06-28 18:53:07.534608"], ["updated_at", "2017-06-28 18:53:07.534608"]]
  [1m[35m (70.4ms)[0m  [1m[36mcommit transaction[0m
  [1m[35m (0.3ms)[0m  [1m[36mbegin transaction[0m
  [1m[35mSQL (0.8ms)[0m  [1m[32mINSERT INTO "computers" ("hostname", "status", "created_at", "updated_at") VALUES (?, ?, ?, ?)[0m  [["hostname", "cslin03"], ["status", "f"], ["created_at", "2017-06-28 18:53:07.611587"], ["updated_at", "2017-06-28 18:53:07.611587"]]
  [1m[35m (81.6ms)[0m  [1m[36mcommit transaction[0m
  [1m[35m (0.2ms)[0m  [1m[36mbegin transaction[0m
  [1m[35mSQL (0.7ms)[0m  [1m[32mINSERT INTO "computers" ("hostname", "status", "created_at", "updated_at") VALUES (?, ?, ?, ?)[0m  [["hostname", "cslin04"], ["status", "f"], ["created_at", "2017-06-28 18:53:07.699588"], ["updated_at", "2017-06-28 18:53:07.699588"]]
  [1m[35m (60.8ms)[0m  [1m[36mcommit transaction[0m
  [1m[35m (0.2ms)[0m  [1m[36mbegin transaction[0m
  [1m[35mSQL (0.8ms)[0m  [1m[32mINSERT INTO "computers" ("hostname", "status", "created_at", "updated_at") VALUES (?, ?, ?, ?)[0m  [["hostname", "cslin05"], ["status", "f"], ["created_at", "2017-06-28 18:53:07.766060"], ["updated_at", "2017-06-28 18:53:07.766060"]]
  [1m[35m (82.8ms)[0m  [1m[36mcommit transaction[0m
  [1m[35m (0.3ms)[0m  [1m[36mbegin transaction[0m
  [1m[35mSQL (0.8ms)[0m  [1m[32mINSERT INTO "computers" ("hostname", "status", "created_at", "updated_at") VALUES (?, ?, ?, ?)[0m  [["hostname", "cslin06"], ["status", "f"], ["created_at", "2017-06-28 18:53:07.854495"], ["updated_at", "2017-06-28 18:53:07.854495"]]
  [1m[35m (60.2ms)[0m  [1m[36mcommit transaction[0m
  [1m[35m (0.2ms)[0m  [1m[36mbegin transaction[0m
  [1m[35mSQL (0.9ms)[0m  [1m[32mINSERT INTO "computers" ("hostname", "status", "created_at", "updated_at") VALUES (?, ?, ?, ?)[0m  [["hostname", "cslin07"], ["status", "f"], ["created_at", "2017-06-28 18:53:07.920535"], ["updated_at", "2017-06-28 18:53:07.920535"]]
  [1m[35m (94.2ms)[0m  [1m[36mcommit transaction[0m
  [1m[35m (0.3ms)[0m  [1m[36mbegin transaction[0m
  [1m[35mSQL (0.6ms)[0m  [1m[32mINSERT INTO "computers" ("hostname", "status", "created_at", "updated_at") VALUES (?, ?, ?, ?)[0m  [["hostname", "cslin08"], ["status", "f"], ["created_at", "2017-06-28 18:53:08.020505"], ["updated_at", "2017-06-28 18:53:08.020505"]]
  [1m[35m (72.0ms)[0m  [1m[36mcommit transaction[0m
  [1m[35m (0.3ms)[0m  [1m[36mbegin transaction[0m
  [1m[35mSQL (0.8ms)[0m  [1m[32mINSERT INTO "computers" ("hostname", "status", "created_at", "updated_at") VALUES (?, ?, ?, ?)[0m  [["hostname", "cslin09"], ["status", "f"], ["created_at", "2017-06-28 18:53:08.101020"], ["updated_at", "2017-06-28 18:53:08.101020"]]
  [1m[35m (79.2ms)[0m  [1m[36mcommit transaction[0m
  [1m[35m (0.3ms)[0m  [1m[36mbegin transaction[0m
  [1m[35mSQL (0.8ms)[0m  [1m[32mINSERT INTO "computers" ("hostname", "status", "created_at", "updated_at") VALUES (?, ?, ?, ?)[0m  [["hostname", "cslin10"], ["status", "f"], ["created_at", "2017-06-28 18:53:08.187001"], ["updated_at", "2017-06-28 18:53:08.187001"]]
  [1m[35m (70.9ms)[0m  [1m[36mcommit transaction[0m
  [1m[35m (0.2ms)[0m  [1m[36mbegin transaction[0m
  [1m[35mSQL (0.7ms)[0m  [1m[32mINSERT INTO "computers" ("hostname", "status", "created_at", "updated_at") VALUES (?, ?, ?, ?)[0m  [["hostname", "cslin11"], ["status", "f"], ["created_at", "2017-06-28 18:53:08.263978"], ["updated_at", "2017-06-28 18:53:08.263978"]]
  [1m[35m (93.9ms)[0m  [1m[36mcommit transaction[0m
  [1m[35m (0.2ms)[0m  [1m[36mbegin transaction[0m
  [1m[35mSQL (0.8ms)[0m  [1m[32mINSERT INTO "computers" ("hostname", "status", "created_at", "updated_at") VALUES (?, ?, ?, ?)[0m  [["hostname", "cslin12"], ["status", "f"], ["created_at", "2017-06-28 18:53:08.363595"], ["updated_at", "2017-06-28 18:53:08.363595"]]
  [1m[35m (71.4ms)[0m  [1m[36mcommit transaction[0m
  [1m[35m (0.3ms)[0m  [1m[36mbegin transaction[0m
  [1m[35mSQL (0.8ms)[0m  [1m[32mINSERT INTO "computers" ("hostname", "status", "created_at", "updated_at") VALUES (?, ?, ?, ?)[0m  [["hostname", "cslin13"], ["status", "f"], ["created_at", "2017-06-28 18:53:08.441371"], ["updated_at", "2017-06-28 18:53:08.441371"]]
  [1m[35m (72.5ms)[0m  [1m[36mcommit transaction[0m
  [1m[35m (0.2ms)[0m  [1m[36mbegin transaction[0m
  [1m[35mSQL (1.9ms)[0m  [1m[32mINSERT INTO "computers" ("hostname", "status", "created_at", "updated_at") VALUES (?, ?, ?, ?)[0m  [["hostname", "cslin14"], ["status", "f"], ["created_at", "2017-06-28 18:53:08.519700"], ["updated_at", "2017-06-28 18:53:08.519700"]]
  [1m[35m (86.7ms)[0m  [1m[36mcommit transaction[0m
  [1m[35m (0.3ms)[0m  [1m[36mbegin transaction[0m
  [1m[35mSQL (0.9ms)[0m  [1m[32mINSERT INTO "computers" ("hostname", "status", "created_at", "updated_at") VALUES (?, ?, ?, ?)[0m  [["hostname", "cslin15"], ["status", "f"], ["created_at", "2017-06-28 18:53:08.613136"], ["updated_at", "2017-06-28 18:53:08.613136"]]
  [1m[35m (91.0ms)[0m  [1m[36mcommit transaction[0m
  [1m[35m (0.3ms)[0m  [1m[36mbegin transaction[0m
  [1m[35mSQL (0.8ms)[0m  [1m[32mINSERT INTO "computers" ("hostname", "status", "created_at", "updated_at") VALUES (?, ?, ?, ?)[0m  [["hostname", "cslin16"], ["status", "f"], ["created_at", "2017-06-28 18:53:08.711205"], ["updated_at", "2017-06-28 18:53:08.711205"]]
  [1m[35m (78.3ms)[0m  [1m[36mcommit transaction[0m
  [1m[35m (0.3ms)[0m  [1m[36mbegin transaction[0m
  [1m[35mSQL (0.8ms)[0m  [1m[32mINSERT INTO "computers" ("hostname", "status", "created_at", "updated_at") VALUES (?, ?, ?, ?)[0m  [["hostname", "cslin17"], ["status", "f"], ["created_at", "2017-06-28 18:53:08.795792"], ["updated_at", "2017-06-28 18:53:08.795792"]]
  [1m[35m (82.1ms)[0m  [1m[36mcommit transaction[0m
Started GET "/" for 127.0.0.1 at 2017-06-29 00:23:18 +0530
Processing by Rails::WelcomeController#index as HTML
  Rendering /home/swaraj/.rbenv/versions/2.4.0/lib/ruby/gems/2.4.0/gems/railties-5.1.2/lib/rails/templates/rails/welcome/index.html.erb
  Rendered /home/swaraj/.rbenv/versions/2.4.0/lib/ruby/gems/2.4.0/gems/railties-5.1.2/lib/rails/templates/rails/welcome/index.html.erb (1.3ms)
Completed 200 OK in 3ms (Views: 2.0ms | ActiveRecord: 0.0ms)


Started GET "/computers" for 127.0.0.1 at 2017-06-29 00:23:23 +0530
Processing by ComputersController#index as HTML
  Rendering computers/index.html.erb within layouts/application
  [1m[36mComputer Load (0.3ms)[0m  [1m[34mSELECT "computers".* FROM "computers"[0m
  Rendered computers/index.html.erb within layouts/application (15.4ms)
Completed 200 OK in 33ms (Views: 29.1ms | ActiveRecord: 1.0ms)


Started GET "/computers/1" for 127.0.0.1 at 2017-06-29 00:23:50 +0530
Processing by ComputersController#show as HTML
  Parameters: {"id"=>"1"}
  [1m[36mComputer Load (0.6ms)[0m  [1m[34mSELECT  "computers".* FROM "computers" WHERE "computers"."id" = ? LIMIT ?[0m  [["id", 1], ["LIMIT", 1]]
  Rendering computers/show.html.erb within layouts/application
  Rendered computers/show.html.erb within layouts/application (1.1ms)
Completed 200 OK in 27ms (Views: 18.7ms | ActiveRecord: 0.6ms)


Started GET "/computers/1/edit" for 127.0.0.1 at 2017-06-29 00:23:55 +0530
Processing by ComputersController#edit as HTML
  Parameters: {"id"=>"1"}
  [1m[36mComputer Load (0.5ms)[0m  [1m[34mSELECT  "computers".* FROM "computers" WHERE "computers"."id" = ? LIMIT ?[0m  [["id", 1], ["LIMIT", 1]]
  Rendering computers/edit.html.erb within layouts/application
  Rendered computers/_form.html.erb (47.1ms)
  Rendered computers/edit.html.erb within layouts/application (50.3ms)
Completed 200 OK in 71ms (Views: 66.0ms | ActiveRecord: 0.5ms)


Started PATCH "/computers/1" for 127.0.0.1 at 2017-06-29 00:23:59 +0530
Processing by ComputersController#update as HTML
  Parameters: {"utf8"=>"✓", "authenticity_token"=>"v2O/JC1OSJYRaigDswk2tJAvYF2JHjoPv0njjhZ3wzREXPOC/J+DTtwUoTlZxnSVUvMQS4ixnIfgm2RfyRa5tQ==", "computer"=>{"hostname"=>"cslin01", "status"=>"1"}, "commit"=>"Update Computer", "id"=>"1"}
  [1m[36mComputer Load (0.3ms)[0m  [1m[34mSELECT  "computers".* FROM "computers" WHERE "computers"."id" = ? LIMIT ?[0m  [["id", 1], ["LIMIT", 1]]
  [1m[35m (0.1ms)[0m  [1m[36mbegin transaction[0m
  [1m[35mSQL (0.7ms)[0m  [1m[33mUPDATE "computers" SET "status" = ?, "updated_at" = ? WHERE "computers"."id" = ?[0m  [["status", "t"], ["updated_at", "2017-06-28 18:53:59.146949"], ["id", 1]]
  [1m[35m (81.6ms)[0m  [1m[36mcommit transaction[0m
Redirected to http://localhost:3000/computers/1
Completed 302 Found in 93ms (ActiveRecord: 82.7ms)


Started GET "/computers/1" for 127.0.0.1 at 2017-06-29 00:23:59 +0530
Processing by ComputersController#show as HTML
  Parameters: {"id"=>"1"}
  [1m[36mComputer Load (0.3ms)[0m  [1m[34mSELECT  "computers".* FROM "computers" WHERE "computers"."id" = ? LIMIT ?[0m  [["id", 1], ["LIMIT", 1]]
  Rendering computers/show.html.erb within layouts/application
  Rendered computers/show.html.erb within layouts/application (1.3ms)
Completed 200 OK in 23ms (Views: 17.6ms | ActiveRecord: 0.3ms)


Started GET "/computers" for 127.0.0.1 at 2017-06-29 00:24:02 +0530
Processing by ComputersController#index as HTML
  Rendering computers/index.html.erb within layouts/application
  [1m[36mComputer Load (0.5ms)[0m  [1m[34mSELECT "computers".* FROM "computers"[0m
  Rendered computers/index.html.erb within layouts/application (10.5ms)
Completed 200 OK in 30ms (Views: 27.3ms | ActiveRecord: 0.5ms)


Started GET "/computers/8/edit" for 127.0.0.1 at 2017-06-29 00:24:06 +0530
Processing by ComputersController#edit as HTML
  Parameters: {"id"=>"8"}
  [1m[36mComputer Load (0.4ms)[0m  [1m[34mSELECT  "computers".* FROM "computers" WHERE "computers"."id" = ? LIMIT ?[0m  [["id", 8], ["LIMIT", 1]]
  Rendering computers/edit.html.erb within layouts/application
  Rendered computers/_form.html.erb (5.0ms)
  Rendered computers/edit.html.erb within layouts/application (8.6ms)
Completed 200 OK in 42ms (Views: 37.1ms | ActiveRecord: 0.4ms)


Started PATCH "/computers/8" for 127.0.0.1 at 2017-06-29 00:24:08 +0530
Processing by ComputersController#update as HTML
  Parameters: {"utf8"=>"✓", "authenticity_token"=>"JMagimgzmCEJfQGt7Qe5LTT+sngBo18rXhWyg8Vb18bcSnNvMedFmUMV/3kvtRc2GxaT/rPITtHX7yGa3nmR+g==", "computer"=>{"hostname"=>"cslin08", "status"=>"1"}, "commit"=>"Update Computer", "id"=>"8"}
  [1m[36mComputer Load (0.3ms)[0m  [1m[34mSELECT  "computers".* FROM "computers" WHERE "computers"."id" = ? LIMIT ?[0m  [["id", 8], ["LIMIT", 1]]
  [1m[35m (0.2ms)[0m  [1m[36mbegin transaction[0m
  [1m[35mSQL (2.5ms)[0m  [1m[33mUPDATE "computers" SET "status" = ?, "updated_at" = ? WHERE "computers"."id" = ?[0m  [["status", "t"], ["updated_at", "2017-06-28 18:54:08.954259"], ["id", 8]]
  [1m[35m (169.4ms)[0m  [1m[36mcommit transaction[0m
Redirected to http://localhost:3000/computers/8
Completed 302 Found in 182ms (ActiveRecord: 172.4ms)


Started GET "/computers/8" for 127.0.0.1 at 2017-06-29 00:24:09 +0530
Processing by ComputersController#show as HTML
  Parameters: {"id"=>"8"}
  [1m[36mComputer Load (0.3ms)[0m  [1m[34mSELECT  "computers".* FROM "computers" WHERE "computers"."id" = ? LIMIT ?[0m  [["id", 8], ["LIMIT", 1]]
  Rendering computers/show.html.erb within layouts/application
  Rendered computers/show.html.erb within layouts/application (1.3ms)
Completed 200 OK in 23ms (Views: 18.4ms | ActiveRecord: 0.3ms)


Started GET "/computers" for 127.0.0.1 at 2017-06-29 00:24:11 +0530
Processing by ComputersController#index as HTML
  Rendering computers/index.html.erb within layouts/application
  [1m[36mComputer Load (0.8ms)[0m  [1m[34mSELECT "computers".* FROM "computers"[0m
  Rendered computers/index.html.erb within layouts/application (14.0ms)
Completed 200 OK in 37ms (Views: 33.5ms | ActiveRecord: 0.8ms)


Started GET "/computers" for 127.0.0.1 at 2017-06-29 00:26:23 +0530
Processing by ComputersController#index as HTML
  Rendering computers/index.html.erb within layouts/application
  Rendered computers/index.html.erb within layouts/application (2.2ms)
Completed 500 Internal Server Error in 9ms (ActiveRecord: 0.0ms)


  
SyntaxError (/home/swaraj/test/labview/app/views/computers/index.html.erb:18: syntax error, unexpected ')', expecting keyword_then or ';' or '\n'
.append=( if computer.status );@output_buffer.safe_append='u
                              ^
/home/swaraj/test/labview/app/views/computers/index.html.erb:18: syntax error, unexpected keyword_else
e;@output_buffer.append=( else );@output_buffer.safe_append=
                              ^
/home/swaraj/test/labview/app/views/computers/index.html.erb:18: syntax error, unexpected keyword_end
ze;@output_buffer.append=( end );@output_buffer.safe_append=
                              ^
/home/swaraj/test/labview/app/views/computers/index.html.erb:23: syntax error, unexpected keyword_end, expecting ')'
'.freeze;     end 
                 ^
/home/swaraj/test/labview/app/views/computers/index.html.erb:32: syntax error, unexpected keyword_ensure, expecting ')'
          ensure
                ^
/home/swaraj/test/labview/app/views/computers/index.html.erb:34: syntax error, unexpected keyword_end, expecting ')'
          end
             ^):
  
app/views/computers/index.html.erb:18: syntax error, unexpected ')', expecting keyword_then or ';' or '\n'
app/views/computers/index.html.erb:18: syntax error, unexpected keyword_else
app/views/computers/index.html.erb:18: syntax error, unexpected keyword_end
app/views/computers/index.html.erb:23: syntax error, unexpected keyword_end, expecting ')'
app/views/computers/index.html.erb:32: syntax error, unexpected keyword_ensure, expecting ')'
app/views/computers/index.html.erb:34: syntax error, unexpected keyword_end, expecting ')'
Started GET "/computers" for 127.0.0.1 at 2017-06-29 00:27:50 +0530
Processing by ComputersController#index as HTML
  Rendering computers/index.html.erb within layouts/application
  [1m[36mComputer Load (0.5ms)[0m  [1m[34mSELECT "computers".* FROM "computers"[0m
  Rendered computers/index.html.erb within layouts/application (9.7ms)
Completed 200 OK in 30ms (Views: 25.8ms | ActiveRecord: 0.5ms)


Started GET "/" for 127.0.0.1 at 2017-06-29 00:28:13 +0530
Processing by Rails::WelcomeController#index as HTML
  Rendering /home/swaraj/.rbenv/versions/2.4.0/lib/ruby/gems/2.4.0/gems/railties-5.1.2/lib/rails/templates/rails/welcome/index.html.erb
  Rendered /home/swaraj/.rbenv/versions/2.4.0/lib/ruby/gems/2.4.0/gems/railties-5.1.2/lib/rails/templates/rails/welcome/index.html.erb (8.6ms)
Completed 200 OK in 19ms (Views: 14.2ms | ActiveRecord: 0.0ms)


Started GET "/computers" for 127.0.0.1 at 2017-06-29 00:29:01 +0530
Processing by ComputersController#index as HTML
  Rendering computers/index.html.erb within layouts/application
  [1m[36mComputer Load (0.2ms)[0m  [1m[34mSELECT "computers".* FROM "computers"[0m
  Rendered computers/index.html.erb within layouts/application (3.8ms)
Completed 200 OK in 20ms (Views: 18.4ms | ActiveRecord: 0.2ms)


Started GET "/" for 127.0.0.1 at 2017-06-29 00:33:27 +0530
Processing by Rails::WelcomeController#index as HTML
  Rendering /home/swaraj/.rbenv/versions/2.4.0/lib/ruby/gems/2.4.0/gems/railties-5.1.2/lib/rails/templates/rails/welcome/index.html.erb
  Rendered /home/swaraj/.rbenv/versions/2.4.0/lib/ruby/gems/2.4.0/gems/railties-5.1.2/lib/rails/templates/rails/welcome/index.html.erb (5.4ms)
Completed 200 OK in 13ms (Views: 9.4ms | ActiveRecord: 0.0ms)


Started GET "/" for 127.0.0.1 at 2017-06-29 00:52:40 +0530
Processing by ComputersController#view_all as HTML
  Rendering computers/view_all.html.erb within layouts/application
  [1m[36mComputer Load (0.2ms)[0m  [1m[34mSELECT "computers".* FROM "computers"[0m
  Rendered computers/view_all.html.erb within layouts/application (7.6ms)
Completed 200 OK in 20ms (Views: 17.5ms | ActiveRecord: 0.7ms)


Started GET "/" for 127.0.0.1 at 2017-06-29 00:53:19 +0530
Processing by ComputersController#view_all as HTML
  Rendering computers/view_all.html.erb within layouts/application
  [1m[36mComputer Load (0.8ms)[0m  [1m[34mSELECT "computers".* FROM "computers"[0m
  Rendered computers/view_all.html.erb within layouts/application (11.9ms)
Completed 200 OK in 34ms (Views: 30.2ms | ActiveRecord: 0.8ms)


Started GET "/" for 127.0.0.1 at 2017-06-29 00:53:26 +0530
Processing by ComputersController#view_all as HTML
  Rendering computers/view_all.html.erb within layouts/application
  [1m[36mComputer Load (0.8ms)[0m  [1m[34mSELECT "computers".* FROM "computers"[0m
  Rendered computers/view_all.html.erb within layouts/application (15.4ms)
Completed 200 OK in 41ms (Views: 36.9ms | ActiveRecord: 0.8ms)


Started GET "/" for 127.0.0.1 at 2017-06-29 00:53:31 +0530
Processing by ComputersController#view_all as HTML
  Rendering computers/view_all.html.erb within layouts/application
  [1m[36mComputer Load (0.5ms)[0m  [1m[34mSELECT "computers".* FROM "computers"[0m
  Rendered computers/view_all.html.erb within layouts/application (8.9ms)
Completed 200 OK in 28ms (Views: 24.9ms | ActiveRecord: 0.5ms)


Started GET "/" for 127.0.0.1 at 2017-06-29 00:53:32 +0530
Processing by ComputersController#view_all as HTML
  Rendering computers/view_all.html.erb within layouts/application
  [1m[36mComputer Load (0.4ms)[0m  [1m[34mSELECT "computers".* FROM "computers"[0m
  Rendered computers/view_all.html.erb within layouts/application (10.9ms)
Completed 200 OK in 34ms (Views: 31.8ms | ActiveRecord: 0.4ms)


Started GET "/" for 127.0.0.1 at 2017-06-29 00:53:51 +0530
Processing by ComputersController#view_all as HTML
  Rendering computers/view_all.html.erb within layouts/application
  [1m[36mComputer Load (0.2ms)[0m  [1m[34mSELECT "computers".* FROM "computers"[0m
  Rendered computers/view_all.html.erb within layouts/application (3.7ms)
Completed 200 OK in 16ms (Views: 14.4ms | ActiveRecord: 0.2ms)


Started GET "/" for 127.0.0.1 at 2017-06-29 00:54:08 +0530
Processing by ComputersController#view_all as HTML
  Rendering computers/view_all.html.erb within layouts/application
  [1m[36mComputer Load (0.2ms)[0m  [1m[34mSELECT "computers".* FROM "computers"[0m
  Rendered computers/view_all.html.erb within layouts/application (4.0ms)
Completed 200 OK in 17ms (Views: 16.1ms | ActiveRecord: 0.2ms)


Started GET "/" for 127.0.0.1 at 2017-06-29 00:55:16 +0530
Processing by ComputersController#view_all as HTML
  Rendering computers/view_all.html.erb within layouts/application
  [1m[36mComputer Load (0.3ms)[0m  [1m[34mSELECT "computers".* FROM "computers"[0m
  Rendered computers/view_all.html.erb within layouts/application (4.1ms)
Completed 200 OK in 17ms (Views: 15.5ms | ActiveRecord: 0.3ms)


Started GET "/" for 127.0.0.1 at 2017-06-29 01:01:36 +0530
Processing by ComputersController#view_all as HTML
  Rendering computers/view_all.html.erb within layouts/application
  [1m[36mComputer Load (0.8ms)[0m  [1m[34mSELECT "computers".* FROM "computers"[0m
  Rendered computers/view_all.html.erb within layouts/application (5.0ms)
Completed 200 OK in 30ms (Views: 27.2ms | ActiveRecord: 0.8ms)


Started GET "/" for 127.0.0.1 at 2017-06-29 01:02:13 +0530
Processing by ComputersController#view_all as HTML
  Rendering computers/view_all.html.erb within layouts/application
  [1m[36mComputer Load (0.5ms)[0m  [1m[34mSELECT "computers".* FROM "computers"[0m
  Rendered computers/view_all.html.erb within layouts/application (4.0ms)
Completed 200 OK in 26ms (Views: 23.3ms | ActiveRecord: 0.5ms)


Started GET "/computers" for 127.0.0.1 at 2017-06-29 01:02:16 +0530
Processing by ComputersController#index as HTML
  Rendering computers/index.html.erb within layouts/application
  [1m[36mComputer Load (0.5ms)[0m  [1m[34mSELECT "computers".* FROM "computers"[0m
  Rendered computers/index.html.erb within layouts/application (17.2ms)
Completed 200 OK in 41ms (Views: 38.0ms | ActiveRecord: 0.5ms)


Started GET "/" for 127.0.0.1 at 2017-06-29 01:02:25 +0530
Processing by ComputersController#view_all as HTML
  Rendering computers/view_all.html.erb within layouts/application
  [1m[36mComputer Load (0.2ms)[0m  [1m[34mSELECT "computers".* FROM "computers"[0m
  Rendered computers/view_all.html.erb within layouts/application (7.2ms)
Completed 200 OK in 24ms (Views: 23.2ms | ActiveRecord: 0.2ms)


Started GET "/" for 127.0.0.1 at 2017-06-29 01:09:24 +0530
Processing by ComputersController#view_all as HTML
  Rendering computers/view_all.html.erb within layouts/application
  Rendered computers/view_all.html.erb within layouts/application (0.8ms)
Completed 500 Internal Server Error in 3ms (ActiveRecord: 0.0ms)


  
SyntaxError (/home/swaraj/test/labview/app/views/computers/view_all.html.erb:31: syntax error, unexpected keyword_ensure, expecting keyword_end
          ensure
                ^):
  
app/views/computers/view_all.html.erb:31: syntax error, unexpected keyword_ensure, expecting keyword_end
Started GET "/" for 127.0.0.1 at 2017-06-29 01:09:45 +0530
Processing by ComputersController#view_all as HTML
  Rendering computers/view_all.html.erb within layouts/application
  [1m[36mComputer Load (0.7ms)[0m  [1m[34mSELECT "computers".* FROM "computers"[0m
  Rendered computers/view_all.html.erb within layouts/application (7.9ms)
Completed 200 OK in 38ms (Views: 34.6ms | ActiveRecord: 0.7ms)


Started GET "/" for 127.0.0.1 at 2017-06-29 01:10:04 +0530
Processing by ComputersController#view_all as HTML
  Rendering computers/view_all.html.erb within layouts/application
  [1m[36mComputer Load (1.1ms)[0m  [1m[34mSELECT "computers".* FROM "computers"[0m
  Rendered computers/view_all.html.erb within layouts/application (9.2ms)
Completed 200 OK in 40ms (Views: 35.2ms | ActiveRecord: 1.1ms)


Started GET "/" for 127.0.0.1 at 2017-06-29 01:11:03 +0530
Processing by ComputersController#view_all as HTML
  Rendering computers/view_all.html.erb within layouts/application
  [1m[36mComputer Load (0.8ms)[0m  [1m[34mSELECT "computers".* FROM "computers"[0m
  Rendered computers/view_all.html.erb within layouts/application (6.1ms)
Completed 200 OK in 31ms (Views: 27.2ms | ActiveRecord: 0.8ms)


Started GET "/" for 127.0.0.1 at 2017-06-29 01:12:00 +0530
Processing by ComputersController#view_all as HTML
  Rendering computers/view_all.html.erb within layouts/application
  [1m[36mComputer Load (0.4ms)[0m  [1m[34mSELECT "computers".* FROM "computers"[0m
  Rendered computers/view_all.html.erb within layouts/application (3.6ms)
Completed 200 OK in 25ms (Views: 23.1ms | ActiveRecord: 0.4ms)


Started GET "/" for 127.0.0.1 at 2017-06-29 01:14:52 +0530
Processing by ComputersController#view_all as HTML
  Rendering computers/view_all.html.erb within layouts/application
  [1m[36mComputer Load (0.5ms)[0m  [1m[34mSELECT "computers".* FROM "computers"[0m
  Rendered computers/view_all.html.erb within layouts/application (4.7ms)
Completed 200 OK in 28ms (Views: 25.5ms | ActiveRecord: 0.5ms)


Started GET "/" for 127.0.0.1 at 2017-06-29 01:17:04 +0530
Processing by ComputersController#view_all as HTML
  Rendering computers/view_all.html.erb within layouts/application
  [1m[36mComputer Load (0.3ms)[0m  [1m[34mSELECT "computers".* FROM "computers"[0m
  Rendered computers/view_all.html.erb within layouts/application (2.5ms)
Completed 200 OK in 24ms (Views: 20.5ms | ActiveRecord: 0.3ms)


Started GET "/" for 127.0.0.1 at 2017-06-29 01:21:21 +0530
Processing by ComputersController#view_all as HTML
  Rendering computers/view_all.html.erb within layouts/application
  [1m[36mComputer Load (0.2ms)[0m  [1m[34mSELECT "computers".* FROM "computers"[0m
  Rendered computers/view_all.html.erb within layouts/application (1.6ms)
Completed 200 OK in 15ms (Views: 13.8ms | ActiveRecord: 0.2ms)


Started GET "/" for 127.0.0.1 at 2017-06-29 01:21:40 +0530
Processing by ComputersController#view_all as HTML
  Rendering computers/view_all.html.erb within layouts/application
  [1m[36mComputer Load (0.6ms)[0m  [1m[34mSELECT "computers".* FROM "computers"[0m
  Rendered computers/view_all.html.erb within layouts/application (7.9ms)
Completed 200 OK in 57ms (Views: 51.8ms | ActiveRecord: 0.6ms)


Started GET "/" for 127.0.0.1 at 2017-06-29 01:21:59 +0530
Processing by ComputersController#view_all as HTML
  Rendering computers/view_all.html.erb within layouts/application
  [1m[36mComputer Load (0.2ms)[0m  [1m[34mSELECT "computers".* FROM "computers"[0m
  Rendered computers/view_all.html.erb within layouts/application (2.0ms)
Completed 200 OK in 15ms (Views: 13.4ms | ActiveRecord: 0.2ms)


Started GET "/" for 127.0.0.1 at 2017-06-29 01:22:47 +0530
Processing by ComputersController#view_all as HTML
  Rendering computers/view_all.html.erb within layouts/application
  [1m[36mComputer Load (0.2ms)[0m  [1m[34mSELECT "computers".* FROM "computers"[0m
  Rendered computers/view_all.html.erb within layouts/application (1.4ms)
Completed 200 OK in 21ms (Views: 20.1ms | ActiveRecord: 0.2ms)


Started GET "/" for 127.0.0.1 at 2017-06-29 01:22:58 +0530
Processing by ComputersController#view_all as HTML
  Rendering computers/view_all.html.erb within layouts/application
  [1m[36mComputer Load (0.2ms)[0m  [1m[34mSELECT "computers".* FROM "computers"[0m
  Rendered computers/view_all.html.erb within layouts/application (2.0ms)
Completed 200 OK in 17ms (Views: 15.6ms | ActiveRecord: 0.2ms)


Started GET "/" for 127.0.0.1 at 2017-06-29 01:23:33 +0530
Processing by ComputersController#view_all as HTML
  Rendering computers/view_all.html.erb within layouts/application
  [1m[36mComputer Load (0.3ms)[0m  [1m[34mSELECT "computers".* FROM "computers"[0m
  Rendered computers/view_all.html.erb within layouts/application (3.6ms)
Completed 200 OK in 26ms (Views: 22.2ms | ActiveRecord: 0.3ms)


Started GET "/" for 127.0.0.1 at 2017-06-29 01:23:34 +0530
Processing by ComputersController#view_all as HTML
  Rendering computers/view_all.html.erb within layouts/application
  [1m[36mComputer Load (0.3ms)[0m  [1m[34mSELECT "computers".* FROM "computers"[0m
  Rendered computers/view_all.html.erb within layouts/application (4.0ms)
Completed 200 OK in 27ms (Views: 23.1ms | ActiveRecord: 0.3ms)


Started GET "/" for 127.0.0.1 at 2017-06-29 01:23:38 +0530
Processing by ComputersController#view_all as HTML
  Rendering computers/view_all.html.erb within layouts/application
  [1m[36mComputer Load (0.2ms)[0m  [1m[34mSELECT "computers".* FROM "computers"[0m
  Rendered computers/view_all.html.erb within layouts/application (1.9ms)
Completed 200 OK in 13ms (Views: 12.2ms | ActiveRecord: 0.2ms)


Started GET "/" for 127.0.0.1 at 2017-06-29 01:23:43 +0530
Processing by ComputersController#view_all as HTML
  Rendering computers/view_all.html.erb within layouts/application
  [1m[36mComputer Load (0.8ms)[0m  [1m[34mSELECT "computers".* FROM "computers"[0m
  Rendered computers/view_all.html.erb within layouts/application (6.0ms)
Completed 200 OK in 57ms (Views: 53.2ms | ActiveRecord: 0.8ms)


Started GET "/" for 127.0.0.1 at 2017-06-29 01:23:44 +0530
Processing by ComputersController#view_all as HTML
  Rendering computers/view_all.html.erb within layouts/application
  [1m[36mComputer Load (0.5ms)[0m  [1m[34mSELECT "computers".* FROM "computers"[0m
  Rendered computers/view_all.html.erb within layouts/application (4.9ms)
Completed 200 OK in 53ms (Views: 50.4ms | ActiveRecord: 0.5ms)


Started GET "/" for 127.0.0.1 at 2017-06-29 01:24:09 +0530
Processing by ComputersController#view_all as HTML
  Rendering computers/view_all.html.erb within layouts/application
  [1m[36mComputer Load (0.3ms)[0m  [1m[34mSELECT "computers".* FROM "computers"[0m
  Rendered computers/view_all.html.erb within layouts/application (3.1ms)
Completed 200 OK in 32ms (Views: 29.1ms | ActiveRecord: 0.3ms)


Started GET "/" for 127.0.0.1 at 2017-06-29 01:24:21 +0530
Processing by ComputersController#view_all as HTML
  Rendering computers/view_all.html.erb within layouts/application
  [1m[36mComputer Load (0.2ms)[0m  [1m[34mSELECT "computers".* FROM "computers"[0m
  Rendered computers/view_all.html.erb within layouts/application (2.1ms)
Completed 200 OK in 19ms (Views: 17.0ms | ActiveRecord: 0.2ms)


Started GET "/" for 127.0.0.1 at 2017-06-29 01:24:35 +0530
Processing by ComputersController#view_all as HTML
  Rendering computers/view_all.html.erb within layouts/application
  [1m[36mComputer Load (0.2ms)[0m  [1m[34mSELECT "computers".* FROM "computers"[0m
  Rendered computers/view_all.html.erb within layouts/application (2.4ms)
Completed 200 OK in 18ms (Views: 17.2ms | ActiveRecord: 0.2ms)


Started GET "/computers" for 127.0.0.1 at 2017-06-29 01:24:44 +0530
Processing by ComputersController#index as HTML
  Rendering computers/index.html.erb within layouts/application
  [1m[36mComputer Load (0.8ms)[0m  [1m[34mSELECT "computers".* FROM "computers"[0m
  Rendered computers/index.html.erb within layouts/application (16.0ms)
Completed 200 OK in 41ms (Views: 36.7ms | ActiveRecord: 0.8ms)


  [1m[35m (0.1ms)[0m  [1m[34mSELECT sqlite_version(*)[0m
  [1m[35m (159.4ms)[0m  [1m[35mCREATE TABLE "schema_migrations" ("version" varchar NOT NULL PRIMARY KEY)[0m
  [1m[35m (280.7ms)[0m  [1m[35mCREATE TABLE "ar_internal_metadata" ("key" varchar NOT NULL PRIMARY KEY, "value" varchar, "created_at" datetime NOT NULL, "updated_at" datetime NOT NULL)[0m
  [1m[35m (0.2ms)[0m  [1m[34mSELECT "schema_migrations"."version" FROM "schema_migrations" ORDER BY "schema_migrations"."version" ASC[0m
Migrating to CreateComputers (20170628183748)
  [1m[35m (0.1ms)[0m  [1m[36mbegin transaction[0m
  [1m[35m (1.8ms)[0m  [1m[35mCREATE TABLE "computers" ("id" INTEGER PRIMARY KEY AUTOINCREMENT NOT NULL, "hostname" varchar, "status" boolean, "created_at" datetime NOT NULL, "updated_at" datetime NOT NULL)[0m
  [1m[35mSQL (0.2ms)[0m  [1m[32mINSERT INTO "schema_migrations" ("version") VALUES (?)[0m  [["version", "20170628183748"]]
  [1m[35m (94.1ms)[0m  [1m[36mcommit transaction[0m
  [1m[36mActiveRecord::InternalMetadata Load (0.7ms)[0m  [1m[34mSELECT  "ar_internal_metadata".* FROM "ar_internal_metadata" WHERE "ar_internal_metadata"."key" = ? LIMIT ?[0m  [["key", "environment"], ["LIMIT", 1]]
  [1m[35m (0.2ms)[0m  [1m[36mbegin transaction[0m
  [1m[35mSQL (2.9ms)[0m  [1m[32mINSERT INTO "ar_internal_metadata" ("key", "value", "created_at", "updated_at") VALUES (?, ?, ?, ?)[0m  [["key", "environment"], ["value", "development"], ["created_at", "2017-06-28 19:56:01.556480"], ["updated_at", "2017-06-28 19:56:01.556480"]]
  [1m[35m (79.8ms)[0m  [1m[36mcommit transaction[0m
  [1m[35m (0.5ms)[0m  [1m[34mSELECT "schema_migrations"."version" FROM "schema_migrations" ORDER BY "schema_migrations"."version" ASC[0m
  [1m[35m (0.1ms)[0m  [1m[34mSELECT "schema_migrations"."version" FROM "schema_migrations" ORDER BY "schema_migrations"."version" ASC[0m
  [1m[35m (0.0ms)[0m  [1m[36mbegin transaction[0m
  [1m[35mSQL (1.1ms)[0m  [1m[32mINSERT INTO "computers" ("hostname", "status", "created_at", "updated_at") VALUES (?, ?, ?, ?)[0m  [["hostname", "cslin01"], ["status", "f"], ["created_at", "2017-06-28 19:56:06.383516"], ["updated_at", "2017-06-28 19:56:06.383516"]]
  [1m[35m (114.0ms)[0m  [1m[36mcommit transaction[0m
  [1m[35m (0.1ms)[0m  [1m[36mbegin transaction[0m
  [1m[35mSQL (0.6ms)[0m  [1m[32mINSERT INTO "computers" ("hostname", "status", "created_at", "updated_at") VALUES (?, ?, ?, ?)[0m  [["hostname", "cslin02"], ["status", "f"], ["created_at", "2017-06-28 19:56:06.502581"], ["updated_at", "2017-06-28 19:56:06.502581"]]
  [1m[35m (70.5ms)[0m  [1m[36mcommit transaction[0m
  [1m[35m (0.2ms)[0m  [1m[36mbegin transaction[0m
  [1m[35mSQL (2.8ms)[0m  [1m[32mINSERT INTO "computers" ("hostname", "status", "created_at", "updated_at") VALUES (?, ?, ?, ?)[0m  [["hostname", "cslin03"], ["status", "f"], ["created_at", "2017-06-28 19:56:06.580434"], ["updated_at", "2017-06-28 19:56:06.580434"]]
  [1m[35m (66.7ms)[0m  [1m[36mcommit transaction[0m
  [1m[35m (0.2ms)[0m  [1m[36mbegin transaction[0m
  [1m[35mSQL (0.6ms)[0m  [1m[32mINSERT INTO "computers" ("hostname", "status", "created_at", "updated_at") VALUES (?, ?, ?, ?)[0m  [["hostname", "cslin04"], ["status", "f"], ["created_at", "2017-06-28 19:56:06.659163"], ["updated_at", "2017-06-28 19:56:06.659163"]]
  [1m[35m (84.9ms)[0m  [1m[36mcommit transaction[0m
  [1m[35m (0.2ms)[0m  [1m[36mbegin transaction[0m
  [1m[35mSQL (1.8ms)[0m  [1m[32mINSERT INTO "computers" ("hostname", "status", "created_at", "updated_at") VALUES (?, ?, ?, ?)[0m  [["hostname", "cslin05"], ["status", "f"], ["created_at", "2017-06-28 19:56:06.749459"], ["updated_at", "2017-06-28 19:56:06.749459"]]
  [1m[35m (79.2ms)[0m  [1m[36mcommit transaction[0m
  [1m[35m (0.1ms)[0m  [1m[36mbegin transaction[0m
  [1m[35mSQL (0.6ms)[0m  [1m[32mINSERT INTO "computers" ("hostname", "status", "created_at", "updated_at") VALUES (?, ?, ?, ?)[0m  [["hostname", "cslin06"], ["status", "f"], ["created_at", "2017-06-28 19:56:06.836524"], ["updated_at", "2017-06-28 19:56:06.836524"]]
  [1m[35m (61.0ms)[0m  [1m[36mcommit transaction[0m
  [1m[35m (0.2ms)[0m  [1m[36mbegin transaction[0m
  [1m[35mSQL (0.6ms)[0m  [1m[32mINSERT INTO "computers" ("hostname", "status", "created_at", "updated_at") VALUES (?, ?, ?, ?)[0m  [["hostname", "cslin07"], ["status", "f"], ["created_at", "2017-06-28 19:56:06.902985"], ["updated_at", "2017-06-28 19:56:06.902985"]]
  [1m[35m (139.0ms)[0m  [1m[36mcommit transaction[0m
  [1m[35m (0.1ms)[0m  [1m[36mbegin transaction[0m
  [1m[35mSQL (1.9ms)[0m  [1m[32mINSERT INTO "computers" ("hostname", "status", "created_at", "updated_at") VALUES (?, ?, ?, ?)[0m  [["hostname", "cslin08"], ["status", "f"], ["created_at", "2017-06-28 19:56:07.047293"], ["updated_at", "2017-06-28 19:56:07.047293"]]
  [1m[35m (68.7ms)[0m  [1m[36mcommit transaction[0m
  [1m[35m (0.1ms)[0m  [1m[36mbegin transaction[0m
  [1m[35mSQL (1.8ms)[0m  [1m[32mINSERT INTO "computers" ("hostname", "status", "created_at", "updated_at") VALUES (?, ?, ?, ?)[0m  [["hostname", "cslin09"], ["status", "f"], ["created_at", "2017-06-28 19:56:07.123021"], ["updated_at", "2017-06-28 19:56:07.123021"]]
  [1m[35m (69.3ms)[0m  [1m[36mcommit transaction[0m
  [1m[35m (0.2ms)[0m  [1m[36mbegin transaction[0m
  [1m[35mSQL (0.6ms)[0m  [1m[32mINSERT INTO "computers" ("hostname", "status", "created_at", "updated_at") VALUES (?, ?, ?, ?)[0m  [["hostname", "cslin10"], ["status", "f"], ["created_at", "2017-06-28 19:56:07.201260"], ["updated_at", "2017-06-28 19:56:07.201260"]]
  [1m[35m (95.3ms)[0m  [1m[36mcommit transaction[0m
  [1m[35m (0.2ms)[0m  [1m[36mbegin transaction[0m
  [1m[35mSQL (0.6ms)[0m  [1m[32mINSERT INTO "computers" ("hostname", "status", "created_at", "updated_at") VALUES (?, ?, ?, ?)[0m  [["hostname", "cslin11"], ["status", "f"], ["created_at", "2017-06-28 19:56:07.303336"], ["updated_at", "2017-06-28 19:56:07.303336"]]
  [1m[35m (68.9ms)[0m  [1m[36mcommit transaction[0m
  [1m[35m (0.2ms)[0m  [1m[36mbegin transaction[0m
  [1m[35mSQL (1.0ms)[0m  [1m[32mINSERT INTO "computers" ("hostname", "status", "created_at", "updated_at") VALUES (?, ?, ?, ?)[0m  [["hostname", "cslin12"], ["status", "f"], ["created_at", "2017-06-28 19:56:07.377727"], ["updated_at", "2017-06-28 19:56:07.377727"]]
  [1m[35m (69.4ms)[0m  [1m[36mcommit transaction[0m
  [1m[35m (0.2ms)[0m  [1m[36mbegin transaction[0m
  [1m[35mSQL (0.7ms)[0m  [1m[32mINSERT INTO "computers" ("hostname", "status", "created_at", "updated_at") VALUES (?, ?, ?, ?)[0m  [["hostname", "cslin13"], ["status", "f"], ["created_at", "2017-06-28 19:56:07.453360"], ["updated_at", "2017-06-28 19:56:07.453360"]]
  [1m[35m (95.0ms)[0m  [1m[36mcommit transaction[0m
  [1m[35m (0.2ms)[0m  [1m[36mbegin transaction[0m
  [1m[35mSQL (0.6ms)[0m  [1m[32mINSERT INTO "computers" ("hostname", "status", "created_at", "updated_at") VALUES (?, ?, ?, ?)[0m  [["hostname", "cslin14"], ["status", "f"], ["created_at", "2017-06-28 19:56:07.556100"], ["updated_at", "2017-06-28 19:56:07.556100"]]
  [1m[35m (72.0ms)[0m  [1m[36mcommit transaction[0m
  [1m[35m (0.2ms)[0m  [1m[36mbegin transaction[0m
  [1m[35mSQL (2.7ms)[0m  [1m[32mINSERT INTO "computers" ("hostname", "status", "created_at", "updated_at") VALUES (?, ?, ?, ?)[0m  [["hostname", "cslin15"], ["status", "f"], ["created_at", "2017-06-28 19:56:07.635389"], ["updated_at", "2017-06-28 19:56:07.635389"]]
  [1m[35m (96.9ms)[0m  [1m[36mcommit transaction[0m
  [1m[35m (0.2ms)[0m  [1m[36mbegin transaction[0m
  [1m[35mSQL (1.6ms)[0m  [1m[32mINSERT INTO "computers" ("hostname", "status", "created_at", "updated_at") VALUES (?, ?, ?, ?)[0m  [["hostname", "cslin16"], ["status", "f"], ["created_at", "2017-06-28 19:56:07.738686"], ["updated_at", "2017-06-28 19:56:07.738686"]]
  [1m[35m (72.0ms)[0m  [1m[36mcommit transaction[0m
  [1m[35m (0.1ms)[0m  [1m[36mbegin transaction[0m
  [1m[35mSQL (0.8ms)[0m  [1m[32mINSERT INTO "computers" ("hostname", "status", "created_at", "updated_at") VALUES (?, ?, ?, ?)[0m  [["hostname", "cslin17"], ["status", "f"], ["created_at", "2017-06-28 19:56:07.820321"], ["updated_at", "2017-06-28 19:56:07.820321"]]
  [1m[35m (116.7ms)[0m  [1m[36mcommit transaction[0m
Started GET "/" for 127.0.0.1 at 2017-06-29 01:26:20 +0530
Processing by ComputersController#view_all as HTML
  Rendering computers/view_all.html.erb within layouts/application
  [1m[36mComputer Load (0.1ms)[0m  [1m[34mSELECT "computers".* FROM "computers"[0m
  Rendered computers/view_all.html.erb within layouts/application (5.7ms)
Completed 200 OK in 18ms (Views: 14.8ms | ActiveRecord: 0.8ms)


Started GET "/computers" for 127.0.0.1 at 2017-06-29 01:26:27 +0530
Processing by ComputersController#index as HTML
  Rendering computers/index.html.erb within layouts/application
  [1m[36mComputer Load (0.5ms)[0m  [1m[34mSELECT "computers".* FROM "computers"[0m
  Rendered computers/index.html.erb within layouts/application (14.8ms)
Completed 200 OK in 35ms (Views: 32.3ms | ActiveRecord: 0.5ms)


Started GET "/computers/5/edit" for 127.0.0.1 at 2017-06-29 01:26:32 +0530
Processing by ComputersController#edit as HTML
  Parameters: {"id"=>"5"}
  [1m[36mComputer Load (0.6ms)[0m  [1m[34mSELECT  "computers".* FROM "computers" WHERE "computers"."id" = ? LIMIT ?[0m  [["id", 5], ["LIMIT", 1]]
  Rendering computers/edit.html.erb within layouts/application
  Rendered computers/_form.html.erb (7.6ms)
  Rendered computers/edit.html.erb within layouts/application (11.9ms)
Completed 200 OK in 40ms (Views: 33.5ms | ActiveRecord: 0.6ms)


Started PATCH "/computers/5" for 127.0.0.1 at 2017-06-29 01:26:36 +0530
Processing by ComputersController#update as HTML
  Parameters: {"utf8"=>"✓", "authenticity_token"=>"jKNEkvI/C/bxj4+zoTVCvTV9DTjEpdLiOZtejk8cDQLn0xnfr1mIO+yRnin/cWPtwqAAty7hcSvTv/vMtEZ5tQ==", "computer"=>{"hostname"=>"cslin05", "status"=>"1"}, "commit"=>"Update Computer", "id"=>"5"}
  [1m[36mComputer Load (0.5ms)[0m  [1m[34mSELECT  "computers".* FROM "computers" WHERE "computers"."id" = ? LIMIT ?[0m  [["id", 5], ["LIMIT", 1]]
  [1m[35m (0.2ms)[0m  [1m[36mbegin transaction[0m
  [1m[35mSQL (1.9ms)[0m  [1m[33mUPDATE "computers" SET "status" = ?, "updated_at" = ? WHERE "computers"."id" = ?[0m  [["status", "t"], ["updated_at", "2017-06-28 19:56:36.786406"], ["id", 5]]
  [1m[35m (130.8ms)[0m  [1m[36mcommit transaction[0m
Redirected to http://localhost:3000/computers/5
Completed 302 Found in 149ms (ActiveRecord: 133.3ms)


Started GET "/computers/5" for 127.0.0.1 at 2017-06-29 01:26:36 +0530
Processing by ComputersController#show as HTML
  Parameters: {"id"=>"5"}
  [1m[36mComputer Load (0.4ms)[0m  [1m[34mSELECT  "computers".* FROM "computers" WHERE "computers"."id" = ? LIMIT ?[0m  [["id", 5], ["LIMIT", 1]]
  Rendering computers/show.html.erb within layouts/application
  Rendered computers/show.html.erb within layouts/application (1.2ms)
Completed 200 OK in 24ms (Views: 19.3ms | ActiveRecord: 0.4ms)


Started GET "/computers" for 127.0.0.1 at 2017-06-29 01:26:43 +0530
Processing by ComputersController#index as HTML
  Rendering computers/index.html.erb within layouts/application
  [1m[36mComputer Load (0.6ms)[0m  [1m[34mSELECT "computers".* FROM "computers"[0m
  Rendered computers/index.html.erb within layouts/application (14.2ms)
Completed 200 OK in 41ms (Views: 37.2ms | ActiveRecord: 0.6ms)


Started GET "/" for 127.0.0.1 at 2017-06-29 01:26:49 +0530
Processing by ComputersController#view_all as HTML
  Rendering computers/view_all.html.erb within layouts/application
  [1m[36mComputer Load (0.2ms)[0m  [1m[34mSELECT "computers".* FROM "computers"[0m
  Rendered computers/view_all.html.erb within layouts/application (2.3ms)
Completed 200 OK in 16ms (Views: 14.5ms | ActiveRecord: 0.2ms)


Started GET "/" for 127.0.0.1 at 2017-06-29 01:31:12 +0530
Processing by ComputersController#view_all as HTML
  Rendering computers/view_all.html.erb within layouts/application
  [1m[36mComputer Load (0.4ms)[0m  [1m[34mSELECT "computers".* FROM "computers"[0m
  Rendered computers/view_all.html.erb within layouts/application (5.2ms)
Completed 200 OK in 32ms (Views: 27.5ms | ActiveRecord: 0.4ms)


Started GET "/computers" for 127.0.0.1 at 2017-06-29 01:31:16 +0530
Processing by ComputersController#index as HTML
  Rendering computers/index.html.erb within layouts/application
  [1m[36mComputer Load (0.9ms)[0m  [1m[34mSELECT "computers".* FROM "computers"[0m
  Rendered computers/index.html.erb within layouts/application (15.3ms)
Completed 200 OK in 42ms (Views: 37.4ms | ActiveRecord: 0.9ms)


Started GET "/computers/new" for 127.0.0.1 at 2017-06-29 01:31:19 +0530
Processing by ComputersController#new as HTML
  Rendering computers/new.html.erb within layouts/application
  Rendered computers/_form.html.erb (6.6ms)
  Rendered computers/new.html.erb within layouts/application (10.2ms)
Completed 200 OK in 33ms (Views: 30.1ms | ActiveRecord: 0.0ms)


Started GET "/computers/new" for 127.0.0.1 at 2017-06-29 01:33:27 +0530
Processing by ComputersController#new as HTML
  Rendering computers/new.html.erb within layouts/application
  Rendered computers/_form.html.erb (1.6ms)
  Rendered computers/new.html.erb within layouts/application (3.6ms)
Completed 500 Internal Server Error in 10ms (ActiveRecord: 0.0ms)


  
SyntaxError (/home/swaraj/test/labview/app/views/computers/_form.html.erb:21: syntax error, unexpected ')', expecting =>
Up', true], ['Down', false]] );@output_buffer.safe_append='
                              ^
/home/swaraj/test/labview/app/views/computers/_form.html.erb:27: syntax error, unexpected keyword_end, expecting ')'
'.freeze; end 
             ^
/home/swaraj/test/labview/app/views/computers/_form.html.erb:29: syntax error, unexpected keyword_ensure, expecting ')'
          ensure
                ^
/home/swaraj/test/labview/app/views/computers/_form.html.erb:31: syntax error, unexpected keyword_end, expecting ')'
          end
             ^):
  
app/views/computers/_form.html.erb:21: syntax error, unexpected ')', expecting =>
app/views/computers/_form.html.erb:27: syntax error, unexpected keyword_end, expecting ')'
app/views/computers/_form.html.erb:29: syntax error, unexpected keyword_ensure, expecting ')'
app/views/computers/_form.html.erb:31: syntax error, unexpected keyword_end, expecting ')'
app/views/computers/new.html.erb:3:in `_app_views_computers_new_html_erb__2901384439453568448_69837344604760'
Started GET "/computers/new" for 127.0.0.1 at 2017-06-29 01:35:36 +0530
Processing by ComputersController#new as HTML
  Rendering computers/new.html.erb within layouts/application
  Rendered computers/_form.html.erb (0.6ms)
  Rendered computers/new.html.erb within layouts/application (1.5ms)
Completed 500 Internal Server Error in 4ms (ActiveRecord: 0.0ms)


  
SyntaxError (/home/swaraj/test/labview/app/views/computers/_form.html.erb:21: syntax error, unexpected ')', expecting =>
p', true], ['Down', false]]) );@output_buffer.safe_append='
                              ^
/home/swaraj/test/labview/app/views/computers/_form.html.erb:27: syntax error, unexpected keyword_end, expecting ')'
'.freeze; end 
             ^
/home/swaraj/test/labview/app/views/computers/_form.html.erb:29: syntax error, unexpected keyword_ensure, expecting ')'
          ensure
                ^
/home/swaraj/test/labview/app/views/computers/_form.html.erb:31: syntax error, unexpected keyword_end, expecting ')'
          end
             ^):
  
app/views/computers/_form.html.erb:21: syntax error, unexpected ')', expecting =>
app/views/computers/_form.html.erb:27: syntax error, unexpected keyword_end, expecting ')'
app/views/computers/_form.html.erb:29: syntax error, unexpected keyword_ensure, expecting ')'
app/views/computers/_form.html.erb:31: syntax error, unexpected keyword_end, expecting ')'
app/views/computers/new.html.erb:3:in `_app_views_computers_new_html_erb__2901384439453568448_69837418024440'
Started GET "/computers/new" for 127.0.0.1 at 2017-06-29 01:39:53 +0530
Processing by ComputersController#new as HTML
  Rendering computers/new.html.erb within layouts/application
  Rendered computers/_form.html.erb (1.9ms)
  Rendered computers/new.html.erb within layouts/application (2.7ms)
Completed 200 OK in 14ms (Views: 12.8ms | ActiveRecord: 0.0ms)


Started GET "/computers" for 127.0.0.1 at 2017-06-29 01:40:03 +0530
Processing by ComputersController#index as HTML
  Rendering computers/index.html.erb within layouts/application
  [1m[36mComputer Load (0.3ms)[0m  [1m[34mSELECT "computers".* FROM "computers"[0m
  Rendered computers/index.html.erb within layouts/application (5.7ms)
Completed 200 OK in 19ms (Views: 18.2ms | ActiveRecord: 0.3ms)


Started GET "/computers/1/edit" for 127.0.0.1 at 2017-06-29 01:40:06 +0530
Processing by ComputersController#edit as HTML
  Parameters: {"id"=>"1"}
  [1m[36mComputer Load (0.1ms)[0m  [1m[34mSELECT  "computers".* FROM "computers" WHERE "computers"."id" = ? LIMIT ?[0m  [["id", 1], ["LIMIT", 1]]
  Rendering computers/edit.html.erb within layouts/application
  Rendered computers/_form.html.erb (1.5ms)
  Rendered computers/edit.html.erb within layouts/application (2.3ms)
Completed 200 OK in 15ms (Views: 14.2ms | ActiveRecord: 0.1ms)


Started PATCH "/computers/1" for 127.0.0.1 at 2017-06-29 01:40:10 +0530
Processing by ComputersController#update as HTML
  Parameters: {"utf8"=>"✓", "authenticity_token"=>"IkNVr4CU0zFThF0WI03856T5DTfvj1BXklOruOar6m/ZfBkJUUUY6Z761CzJgr7GZiV9Ie4g9t/NgSxpOcqQ7g==", "computer"=>{"hostname"=>"cslin01", "status"=>"true"}, "commit"=>"Update Computer", "id"=>"1"}
  [1m[36mComputer Load (0.2ms)[0m  [1m[34mSELECT  "computers".* FROM "computers" WHERE "computers"."id" = ? LIMIT ?[0m  [["id", 1], ["LIMIT", 1]]
  [1m[35m (0.1ms)[0m  [1m[36mbegin transaction[0m
  [1m[35mSQL (0.3ms)[0m  [1m[33mUPDATE "computers" SET "status" = ?, "updated_at" = ? WHERE "computers"."id" = ?[0m  [["status", "t"], ["updated_at", "2017-06-28 20:10:10.270067"], ["id", 1]]
  [1m[35m (84.1ms)[0m  [1m[36mcommit transaction[0m
Redirected to http://localhost:3000/computers/1
Completed 302 Found in 89ms (ActiveRecord: 84.6ms)


Started GET "/computers/1" for 127.0.0.1 at 2017-06-29 01:40:10 +0530
Processing by ComputersController#show as HTML
  Parameters: {"id"=>"1"}
  [1m[36mComputer Load (0.1ms)[0m  [1m[34mSELECT  "computers".* FROM "computers" WHERE "computers"."id" = ? LIMIT ?[0m  [["id", 1], ["LIMIT", 1]]
  Rendering computers/show.html.erb within layouts/application
  Rendered computers/show.html.erb within layouts/application (0.5ms)
Completed 200 OK in 16ms (Views: 14.9ms | ActiveRecord: 0.1ms)


Started GET "/computers" for 127.0.0.1 at 2017-06-29 01:40:12 +0530
Processing by ComputersController#index as HTML
  Rendering computers/index.html.erb within layouts/application
  [1m[36mComputer Load (0.2ms)[0m  [1m[34mSELECT "computers".* FROM "computers"[0m
  Rendered computers/index.html.erb within layouts/application (4.7ms)
Completed 200 OK in 19ms (Views: 18.4ms | ActiveRecord: 0.2ms)


Started GET "/" for 127.0.0.1 at 2017-06-29 01:40:15 +0530
Processing by ComputersController#view_all as HTML
  Rendering computers/view_all.html.erb within layouts/application
  [1m[36mComputer Load (0.2ms)[0m  [1m[34mSELECT "computers".* FROM "computers"[0m
  Rendered computers/view_all.html.erb within layouts/application (4.1ms)
Completed 200 OK in 16ms (Views: 14.9ms | ActiveRecord: 0.2ms)


Started GET "/" for 127.0.0.1 at 2017-06-29 01:41:13 +0530
Processing by ComputersController#view_all as HTML
  Rendering computers/view_all.html.erb within layouts/application
  [1m[36mComputer Load (0.2ms)[0m  [1m[34mSELECT "computers".* FROM "computers"[0m
  Rendered computers/view_all.html.erb within layouts/application (2.3ms)
Completed 200 OK in 15ms (Views: 13.5ms | ActiveRecord: 0.2ms)


Started GET "/computers" for 127.0.0.1 at 2017-06-29 01:41:15 +0530
Processing by ComputersController#index as HTML
  Rendering computers/index.html.erb within layouts/application
  [1m[36mComputer Load (0.1ms)[0m  [1m[34mSELECT "computers".* FROM "computers"[0m
  Rendered computers/index.html.erb within layouts/application (3.0ms)
Completed 200 OK in 18ms (Views: 17.5ms | ActiveRecord: 0.1ms)


Started GET "/computers/2/edit" for 127.0.0.1 at 2017-06-29 01:41:19 +0530
Processing by ComputersController#edit as HTML
  Parameters: {"id"=>"2"}
  [1m[36mComputer Load (0.1ms)[0m  [1m[34mSELECT  "computers".* FROM "computers" WHERE "computers"."id" = ? LIMIT ?[0m  [["id", 2], ["LIMIT", 1]]
  Rendering computers/edit.html.erb within layouts/application
  Rendered computers/_form.html.erb (2.0ms)
  Rendered computers/edit.html.erb within layouts/application (4.1ms)
Completed 200 OK in 17ms (Views: 15.6ms | ActiveRecord: 0.1ms)


Started PATCH "/computers/2" for 127.0.0.1 at 2017-06-29 01:41:23 +0530
Processing by ComputersController#update as HTML
  Parameters: {"utf8"=>"✓", "authenticity_token"=>"8XN81R/MS0TwSfcgbg/5EPb2yZGWxqmIcoV4fpNWB82+yAKwbxsPfGGKiHlRFYNTC6Cpj+XZbNczVYcmYYGMDw==", "computer"=>{"hostname"=>"cslin02", "status"=>"true"}, "commit"=>"Update Computer", "id"=>"2"}
  [1m[36mComputer Load (0.2ms)[0m  [1m[34mSELECT  "computers".* FROM "computers" WHERE "computers"."id" = ? LIMIT ?[0m  [["id", 2], ["LIMIT", 1]]
  [1m[35m (0.1ms)[0m  [1m[36mbegin transaction[0m
  [1m[35mSQL (0.3ms)[0m  [1m[33mUPDATE "computers" SET "status" = ?, "updated_at" = ? WHERE "computers"."id" = ?[0m  [["status", "t"], ["updated_at", "2017-06-28 20:11:23.497094"], ["id", 2]]
  [1m[35m (95.6ms)[0m  [1m[36mcommit transaction[0m
Redirected to http://localhost:3000/computers/2
Completed 302 Found in 101ms (ActiveRecord: 96.1ms)


Started GET "/computers/2" for 127.0.0.1 at 2017-06-29 01:41:23 +0530
Processing by ComputersController#show as HTML
  Parameters: {"id"=>"2"}
  [1m[36mComputer Load (0.1ms)[0m  [1m[34mSELECT  "computers".* FROM "computers" WHERE "computers"."id" = ? LIMIT ?[0m  [["id", 2], ["LIMIT", 1]]
  Rendering computers/show.html.erb within layouts/application
  Rendered computers/show.html.erb within layouts/application (0.7ms)
Completed 200 OK in 15ms (Views: 13.1ms | ActiveRecord: 0.1ms)


Started GET "/computers" for 127.0.0.1 at 2017-06-29 01:41:25 +0530
Processing by ComputersController#index as HTML
  Rendering computers/index.html.erb within layouts/application
  [1m[36mComputer Load (0.2ms)[0m  [1m[34mSELECT "computers".* FROM "computers"[0m
  Rendered computers/index.html.erb within layouts/application (5.5ms)
Completed 200 OK in 20ms (Views: 18.8ms | ActiveRecord: 0.2ms)


Started GET "/computers/new" for 127.0.0.1 at 2017-06-29 01:41:30 +0530
Processing by ComputersController#new as HTML
  Rendering computers/new.html.erb within layouts/application
  Rendered computers/_form.html.erb (2.0ms)
  Rendered computers/new.html.erb within layouts/application (3.2ms)
Completed 200 OK in 18ms (Views: 16.8ms | ActiveRecord: 0.0ms)


Started GET "/computers" for 127.0.0.1 at 2017-06-29 01:41:32 +0530
Processing by ComputersController#index as HTML
  Rendering computers/index.html.erb within layouts/application
  [1m[36mComputer Load (0.2ms)[0m  [1m[34mSELECT "computers".* FROM "computers"[0m
  Rendered computers/index.html.erb within layouts/application (5.1ms)
Completed 200 OK in 20ms (Views: 19.2ms | ActiveRecord: 0.2ms)


Started GET "/" for 127.0.0.1 at 2017-06-29 01:41:35 +0530
Processing by ComputersController#view_all as HTML
  Rendering computers/view_all.html.erb within layouts/application
  [1m[36mComputer Load (0.2ms)[0m  [1m[34mSELECT "computers".* FROM "computers"[0m
  Rendered computers/view_all.html.erb within layouts/application (1.9ms)
Completed 200 OK in 21ms (Views: 19.4ms | ActiveRecord: 0.2ms)


Started GET "/computers" for 127.0.0.1 at 2017-06-29 01:41:52 +0530
Processing by ComputersController#index as HTML
  Rendering computers/index.html.erb within layouts/application
  [1m[36mComputer Load (0.2ms)[0m  [1m[34mSELECT "computers".* FROM "computers"[0m
  Rendered computers/index.html.erb within layouts/application (4.9ms)
Completed 200 OK in 21ms (Views: 20.3ms | ActiveRecord: 0.2ms)


Started GET "/computers/new" for 127.0.0.1 at 2017-06-29 01:41:54 +0530
Processing by ComputersController#new as HTML
  Rendering computers/new.html.erb within layouts/application
  Rendered computers/_form.html.erb (1.6ms)
  Rendered computers/new.html.erb within layouts/application (2.4ms)
Completed 200 OK in 19ms (Views: 18.5ms | ActiveRecord: 0.0ms)


Started GET "/computers" for 127.0.0.1 at 2017-06-29 01:42:19 +0530
Processing by ComputersController#index as HTML
  Rendering computers/index.html.erb within layouts/application
  [1m[36mComputer Load (0.2ms)[0m  [1m[34mSELECT "computers".* FROM "computers"[0m
  Rendered computers/index.html.erb within layouts/application (4.8ms)
Completed 200 OK in 20ms (Views: 18.6ms | ActiveRecord: 0.2ms)


Started GET "/" for 127.0.0.1 at 2017-06-29 01:42:22 +0530
Processing by ComputersController#view_all as HTML
  Rendering computers/view_all.html.erb within layouts/application
  [1m[36mComputer Load (0.2ms)[0m  [1m[34mSELECT "computers".* FROM "computers"[0m
  Rendered computers/view_all.html.erb within layouts/application (2.6ms)
Completed 200 OK in 15ms (Views: 13.5ms | ActiveRecord: 0.2ms)


Started GET "/computers" for 127.0.0.1 at 2017-06-29 01:43:05 +0530
Processing by ComputersController#index as HTML
  Rendering computers/index.html.erb within layouts/application
  [1m[36mComputer Load (0.2ms)[0m  [1m[34mSELECT "computers".* FROM "computers"[0m
  Rendered computers/index.html.erb within layouts/application (5.8ms)
Completed 200 OK in 20ms (Views: 18.5ms | ActiveRecord: 0.2ms)


Started GET "/computers/new" for 127.0.0.1 at 2017-06-29 01:43:14 +0530
Processing by ComputersController#new as HTML
  Rendering computers/new.html.erb within layouts/application
  Rendered computers/_form.html.erb (1.5ms)
  Rendered computers/new.html.erb within layouts/application (2.2ms)
Completed 200 OK in 19ms (Views: 17.9ms | ActiveRecord: 0.0ms)


Started GET "/computers" for 127.0.0.1 at 2017-06-29 01:43:29 +0530
Processing by ComputersController#index as HTML
  Rendering computers/index.html.erb within layouts/application
  [1m[36mComputer Load (0.2ms)[0m  [1m[34mSELECT "computers".* FROM "computers"[0m
  Rendered computers/index.html.erb within layouts/application (3.2ms)
Completed 200 OK in 22ms (Views: 20.8ms | ActiveRecord: 0.2ms)


Started GET "/" for 127.0.0.1 at 2017-06-29 01:43:34 +0530
Processing by ComputersController#view_all as HTML
  Rendering computers/view_all.html.erb within layouts/application
  [1m[36mComputer Load (0.1ms)[0m  [1m[34mSELECT "computers".* FROM "computers"[0m
  Rendered computers/view_all.html.erb within layouts/application (1.3ms)
Completed 200 OK in 12ms (Views: 10.6ms | ActiveRecord: 0.1ms)


Started GET "/" for 127.0.0.1 at 2017-06-29 01:55:02 +0530
  [1m[35m (0.1ms)[0m  [1m[34mSELECT "schema_migrations"."version" FROM "schema_migrations" ORDER BY "schema_migrations"."version" ASC[0m
Processing by ComputersController#view_all as HTML
  Rendering computers/view_all.html.erb within layouts/application
  [1m[36mComputer Load (0.2ms)[0m  [1m[34mSELECT "computers".* FROM "computers"[0m
  Rendered computers/view_all.html.erb within layouts/application (5.8ms)
Completed 200 OK in 148ms (Views: 138.2ms | ActiveRecord: 0.6ms)


